make all --print-data-base --no-builtin-variables --no-builtin-rules --question
# GNU Make 4.3
# Built for x86_64-pc-linux-gnu
# Copyright (C) 1988-2020 Free Software Foundation, Inc.
# License GPLv3+: GNU GPL version 3 or later <http://gnu.org/licenses/gpl.html>
# This is free software: you are free to change and redistribute it.
# There is NO WARRANTY, to the extent permitted by law.

# Make data base, printed on Sat Jun 18 15:01:06 2022

# Variables

# makefile (from 'Makefile', line 12)
GITHUB_DIR = /home/xdd/xddcore/Embedded_Linux/rpi-4b/driver
# environment
GDK_BACKEND = x11
# environment
LC_ALL = C
# environment
GNOME_SHELL_SESSION_MODE = ubuntu
# environment
SSH_AGENT_LAUNCHER = gnome-keyring
# environment
GJS_DEBUG_OUTPUT = stderr
# environment
VSCODE_IPC_HOOK_EXTHOST = /run/user/1000/vscode-ipc-c019ae8b-00f0-42ed-9f75-5346e9eb337c.sock
# environment
VSCODE_CWD = /home/xdd
# default
MAKE_COMMAND := make
# environment
QT_ACCESSIBILITY = 1
# automatic
@D = $(patsubst %/,%,$(dir $@))
# environment
VSCODE_HANDLES_UNCAUGHT_ERRORS = true
# default
.VARIABLES := 
# environment
PWD = /home/xdd/xddcore/Embedded_Linux/rpi-4b/driver/00_helloworld
# automatic
%D = $(patsubst %/,%,$(dir $%))
# environment
XDG_DATA_DIRS = /usr/share/ubuntu:/usr/local/share/:/usr/share/:/var/lib/snapd/desktop
# automatic
^D = $(patsubst %/,%,$(dir $^))
# environment
VSCODE_LOG_STACK = false
# automatic
%F = $(notdir $%)
# environment
VSCODE_CODE_CACHE_PATH = /home/xdd/.config/Code/CachedData/c3511e6c69bb39013c4a4b7b9566ec1ca73fc4d5
# environment
LANG = C
# environment
XAUTHORITY = /run/user/1000/.mutter-Xwaylandauth.W4DTN1
# default
.LOADED := 
# default
.INCLUDE_DIRS = /usr/local/include /usr/include /usr/include
# makefile
MAKEFLAGS = pqrR
# makefile
CURDIR := /home/xdd/xddcore/Embedded_Linux/rpi-4b/driver/00_helloworld
# environment
VSCODE_PIPE_LOGGING = true
# environment
APPLICATION_INSIGHTS_NO_DIAGNOSTIC_CHANNEL = 1
# environment
LESSOPEN = | /usr/bin/lesspipe %s
# automatic
*D = $(patsubst %/,%,$(dir $*))
# environment
MFLAGS = -pqrR
# environment
SSH_AUTH_SOCK = /run/user/1000/keyring/ssh
# default
.SHELLFLAGS := -c
# environment
WAYLAND_DISPLAY = wayland-0
# environment
XDG_CONFIG_DIRS = /etc/xdg/xdg-ubuntu:/etc/xdg
# automatic
+D = $(patsubst %/,%,$(dir $+))
# environment
XDG_SESSION_DESKTOP = ubuntu
# makefile (from 'Makefile', line 1)
MAKEFILE_LIST := Makefile
# makefile (from 'Makefile', line 2)
MODULE_NAME = helloworld
# automatic
@F = $(notdir $@)
# environment
VSCODE_VERBOSE_LOGGING = true
# environment
VSCODE_PID = 3685
# environment
XDG_SESSION_TYPE = wayland
# automatic
?D = $(patsubst %/,%,$(dir $?))
# makefile (from 'Makefile', line 10)
CROSS = ARCH=arm64 CROSS_COMPILE=aarch64-linux-gnu-
# makefile (from 'Makefile', line 14)
GITHUB_ROOTDIR = /home/xdd/xddcore/Embedded_Linux
# environment
SESSION_MANAGER = local/xdd-i912900k-ubuntu22-04:@/tmp/.ICE-unix/2191,unix/xdd-i912900k-ubuntu22-04:/tmp/.ICE-unix/2191
# automatic
*F = $(notdir $*)
# environment
CHROME_DESKTOP = code-url-handler.desktop
# environment
DBUS_SESSION_BUS_ADDRESS = unix:path=/run/user/1000/bus
# automatic
<D = $(patsubst %/,%,$(dir $<))
# environment
VSCODE_NLS_CONFIG = {"locale":"zh-cn","availableLanguages":{"*":"zh-cn"},"_languagePackId":"42e84e0914b17800d483f69e299e1b00.zh-cn","_translationsConfigFile":"/home/xdd/.config/Code/clp/42e84e0914b17800d483f69e299e1b00.zh-cn/tcf.json","_cacheRoot":"/home/xdd/.config/Code/clp/42e84e0914b17800d483f69e299e1b00.zh-cn","_resolvedLanguagePackCoreLocation":"/home/xdd/.config/Code/clp/42e84e0914b17800d483f69e299e1b00.zh-cn/c3511e6c69bb39013c4a4b7b9566ec1ca73fc4d5","_corruptedFile":"/home/xdd/.config/Code/clp/42e84e0914b17800d483f69e299e1b00.zh-cn/corrupted.info","_languagePackSupport":true}
# default
MAKE_HOST := x86_64-pc-linux-gnu
# environment
GNOME_DESKTOP_SESSION_ID = this-is-deprecated
# makefile
SHELL = /bin/sh
# default
MAKECMDGOALS := all
# environment
PLATFORMIO_CALLER = vscode
# environment
XMODIFIERS = @im=ibus
# environment
GJS_DEBUG_TOPICS = JS ERROR;JS LOG
# environment
SHLVL = 0
# environment
MAKELEVEL := 0
# environment
IM_CONFIG_CHECK_ENV = 1
# default
MAKE = $(MAKE_COMMAND)
# environment
PATH = /usr/local/sbin:/usr/local/bin:/usr/sbin:/usr/bin:/sbin:/bin:/usr/games:/usr/local/games:/snap/bin:/snap/bin
# default
MAKEFILES := 
# environment
LANGUAGE = zh_CN:zh
# automatic
^F = $(notdir $^)
# environment
INVOCATION_ID = 06e04f135771483795ec90d5623347f6
# environment
VSCODE_LOG_NATIVE = false
# environment
USERNAME = xdd
# environment
GNOME_SETUP_DISPLAY = :1
# environment
LESSCLOSE = /usr/bin/lesspipe %s %s
# automatic
?F = $(notdir $?)
# environment
NO_PROXY = 127.0.0.1
# environment
XDG_CURRENT_DESKTOP = Unity
# environment
LS_COLORS = 
# automatic
+F = $(notdir $+)
# environment
DESKTOP_SESSION = ubuntu
# environment
ORIGINAL_XDG_CURRENT_DESKTOP = ubuntu:GNOME
# 'override' directive
GNUMAKEFLAGS := 
# environment
LOGNAME = xdd
# environment
GIO_LAUNCHED_DESKTOP_FILE = /usr/share/applications/code.desktop
# environment
PLATFORMIO_PATH = /home/xdd/.platformio/python3/bin:/usr/local/sbin:/usr/local/bin:/usr/sbin:/usr/bin:/sbin:/bin:/usr/games:/usr/local/games:/snap/bin:/snap/bin
# makefile
.DEFAULT_GOAL := all
# environment
SYSTEMD_EXEC_PID = 2215
# environment
DISPLAY = :0
# environment
USER = xdd
# environment
GTK_MODULES = gail:atk-bridge
# default
MAKE_VERSION := 4.3
# environment
MANAGERPID = 2024
# makefile (from 'Makefile', line 4)
MODULE_DIR = $(shell basename `pwd`) 
# environment
GIO_LAUNCHED_DESKTOP_FILE_PID = 3685
# environment
_ = /usr/share/code/code
# environment
XDG_RUNTIME_DIR = /run/user/1000
# makefile (from 'Makefile', line 6)
obj-m := helloworld.o
# environment
JOURNAL_STREAM = 8:51429
# environment
XDG_SESSION_CLASS = user
# environment
VSCODE_AMD_ENTRYPOINT = vs/workbench/api/node/extensionHostProcess
# environment
PLATFORMIO_IDE = 2.4.3
# environment
HOME = /home/xdd
# environment
QT_IM_MODULE = ibus
# environment
ELECTRON_RUN_AS_NODE = 1
# environment
VSCODE_IPC_HOOK = /run/user/1000/vscode-aa0badcb-1.67.2-main.sock
# environment
IM_CONFIG_PHASE = 1
# default
.RECIPEPREFIX := 
# automatic
<F = $(notdir $<)
# default
SUFFIXES := 
# default
.FEATURES := target-specific order-only second-expansion else-if shortest-stem undefine oneshell nocomment grouped-target extra-prereqs archives jobserver output-sync check-symlink load
# environment
XDG_MENU_PREFIX = gnome-
# makefile (from 'Makefile', line 8)
KERNEL_DIR = /home/xdd/xddcore/rpi-linux/rpi-linux
# environment
GDMSESSION = ubuntu
# variable set hash-table stats:
# Load=111/1024=11%, Rehash=0, Collisions=4/179=2%

# Pattern-specific Variable Values

# No pattern-specific variable values.

# Directories

# . (device 2051, inode 8268056): 7 files, no impossibilities.

# 7 files, no impossibilities in 1 directories.

# Implicit Rules

# No implicit rules.

# Files

# Not a target:
Makefile:
#  Implicit rule search has been done.
#  Last modified 2022-06-14 04:28:01.846307102
#  File has been updated.
#  Successfully updated.

clean:
#  Implicit rule search has not been done.
#  Modification time never checked.
#  File has not been updated.
#  recipe to execute (from 'Makefile', line 32):
	make $(CROSS) -C $(KERNEL_DIR) M=`pwd` clean

cpfromgit:
#  Implicit rule search has not been done.
#  Modification time never checked.
#  File has not been updated.
#  recipe to execute (from 'Makefile', line 26):
	cp $(GITHUB_DIR)/$(strip $(MODULE_DIR))/$(MODULE_NAME).c `pwd`

# Not a target:
.DEFAULT:
#  Implicit rule search has not been done.
#  Modification time never checked.
#  File has not been updated.

# 'override' directive
all: .SHELLSTATUS := 0
all:
#  Command line target.
#  Implicit rule search has not been done.
 
#  Implicit/static pattern stem: ''
#  File does not exist.
#  File has been updated.
#  Needs to be updated (-q is set).
# automatic
# @ := all
# automatic
# * := 
# automatic
# < := 
# automatic
# + := 
# automatic
# % := 
# automatic
# ^ := 
# automatic
# ? := 
# automatic
# | := 
# variable set hash-table stats:
# Load=9/32=28%, Rehash=0, Collisions=2/51=4%
#  recipe to execute (from 'Makefile', line 17):
	make $(CROSS) -C $(KERNEL_DIR) M=`pwd` modules
	echo $(MODULE_DIR)
	cd $(GITHUB_DIR) && mkdir -p $(MODULE_DIR) 
	cp `pwd`/$(MODULE_NAME).ko  $(GITHUB_DIR)/$(MODULE_DIR)
	cp `pwd`/$(MODULE_NAME).c  $(GITHUB_DIR)/$(MODULE_DIR)
	cp `pwd`/$(MODULE_NAME).o  $(GITHUB_DIR)/$(MODULE_DIR)
	cp `pwd`/Makefile  $(GITHUB_DIR)/$(MODULE_DIR)

gitpull:
#  Implicit rule search has not been done.
#  Modification time never checked.
#  File has not been updated.
#  recipe to execute (from 'Makefile', line 29):
	cd $(GITHUB_ROOTDIR) && git pull

# Not a target:
.SUFFIXES:
#  Implicit rule search has not been done.
#  Modification time never checked.
#  File has not been updated.

# files hash-table stats:
# Load=7/1024=1%, Rehash=0, Collisions=0/19=0%
# VPATH Search Paths

# No 'vpath' search paths.

# No general ('VPATH' variable) search path.

# strcache buffers: 1 (0) / strings = 15 / storage = 141 B / avg = 9 B
# current buf: size = 8162 B / used = 141 B / count = 15 / avg = 9 B

# strcache performance: lookups = 25 / hit rate = 40%
# hash-table stats:
# Load=15/8192=0%, Rehash=0, Collisions=0/25=0%
# Finished Make data base on Sat Jun 18 15:01:06 2022

 
